
AVRASM ver. 2.1.30  C:\Users\Farhad\Desktop\CodeVisionMadar\Debug\List\tut.asm Mon Jan 01 18:07:26 2024

C:\Users\Farhad\Desktop\CodeVisionMadar\Debug\List\tut.asm(1088): warning: Register r5 already defined by the .DEF directive
C:\Users\Farhad\Desktop\CodeVisionMadar\Debug\List\tut.asm(1089): warning: Register r4 already defined by the .DEF directive
C:\Users\Farhad\Desktop\CodeVisionMadar\Debug\List\tut.asm(1090): warning: Register r7 already defined by the .DEF directive
C:\Users\Farhad\Desktop\CodeVisionMadar\Debug\List\tut.asm(1091): warning: Register r6 already defined by the .DEF directive
C:\Users\Farhad\Desktop\CodeVisionMadar\Debug\List\tut.asm(1092): warning: Register r9 already defined by the .DEF directive
                 
                 
                 ;CodeVisionAVR C Compiler V3.14 Advanced
                 ;(C) Copyright 1998-2014 Pavel Haiduc, HP InfoTech s.r.l.
                 ;http://www.hpinfotech.com
                 
                 ;Build configuration    : Debug
                 ;Chip type              : ATmega16
                 ;Program type           : Application
                 ;Clock frequency        : 16.000000 MHz
                 ;Memory model           : Small
                 ;Optimize for           : Size
                 ;(s)printf features     : int, width
                 ;(s)scanf features      : int, width
                 ;External RAM size      : 0
                 ;Data Stack size        : 256 byte(s)
                 ;Heap size              : 0 byte(s)
                 ;Promote 'char' to 'int': Yes
                 ;'char' is unsigned     : Yes
                 ;8 bit enums            : Yes
                 ;Global 'const' stored in FLASH: Yes
                 ;Enhanced function parameter passing: Yes
                 ;Enhanced core instructions: On
                 ;Automatic register allocation for global variables: On
                 ;Smart register allocation: On
                 
                 	#define _MODEL_SMALL_
                 
                 	#pragma AVRPART ADMIN PART_NAME ATmega16
                 	#pragma AVRPART MEMORY PROG_FLASH 16384
                 	#pragma AVRPART MEMORY EEPROM 512
                 	#pragma AVRPART MEMORY INT_SRAM SIZE 1024
                 	#pragma AVRPART MEMORY INT_SRAM START_ADDR 0x60
                 
                 	#define CALL_SUPPORTED 1
                 
                 	.LISTMAC
                 	.EQU UDRE=0x5
                 	.EQU RXC=0x7
                 	.EQU USR=0xB
                 	.EQU UDR=0xC
                 	.EQU SPSR=0xE
                 	.EQU SPDR=0xF
                 	.EQU EERE=0x0
                 	.EQU EEWE=0x1
                 	.EQU EEMWE=0x2
                 	.EQU EECR=0x1C
                 	.EQU EEDR=0x1D
                 	.EQU EEARL=0x1E
                 	.EQU EEARH=0x1F
                 	.EQU WDTCR=0x21
                 	.EQU MCUCR=0x35
                 	.EQU GICR=0x3B
                 	.EQU SPL=0x3D
                 	.EQU SPH=0x3E
                 	.EQU SREG=0x3F
                 
                 	.DEF R0X0=R0
                 	.DEF R0X1=R1
                 	.DEF R0X2=R2
                 	.DEF R0X3=R3
                 	.DEF R0X4=R4
                 	.DEF R0X5=R5
                 	.DEF R0X6=R6
                 	.DEF R0X7=R7
                 	.DEF R0X8=R8
                 	.DEF R0X9=R9
                 	.DEF R0XA=R10
                 	.DEF R0XB=R11
                 	.DEF R0XC=R12
                 	.DEF R0XD=R13
                 	.DEF R0XE=R14
                 	.DEF R0XF=R15
                 	.DEF R0X10=R16
                 	.DEF R0X11=R17
                 	.DEF R0X12=R18
                 	.DEF R0X13=R19
                 	.DEF R0X14=R20
                 	.DEF R0X15=R21
                 	.DEF R0X16=R22
                 	.DEF R0X17=R23
                 	.DEF R0X18=R24
                 	.DEF R0X19=R25
                 	.DEF R0X1A=R26
                 	.DEF R0X1B=R27
                 	.DEF R0X1C=R28
                 	.DEF R0X1D=R29
                 	.DEF R0X1E=R30
                 	.DEF R0X1F=R31
                 
                 	.EQU __SRAM_START=0x0060
                 	.EQU __SRAM_END=0x045F
                 	.EQU __DSTACK_SIZE=0x0100
                 	.EQU __HEAP_SIZE=0x0000
                 	.EQU __CLEAR_SRAM_SIZE=__SRAM_END-__SRAM_START+1
                 
                 	.MACRO __CPD1N
                 	CPI  R30,LOW(@0)
                 	LDI  R26,HIGH(@0)
                 	CPC  R31,R26
                 	LDI  R26,BYTE3(@0)
                 	CPC  R22,R26
                 	LDI  R26,BYTE4(@0)
                 	CPC  R23,R26
                 	.ENDM
                 
                 	.MACRO __CPD2N
                 	CPI  R26,LOW(@0)
                 	LDI  R30,HIGH(@0)
                 	CPC  R27,R30
                 	LDI  R30,BYTE3(@0)
                 	CPC  R24,R30
                 	LDI  R30,BYTE4(@0)
                 	CPC  R25,R30
                 	.ENDM
                 
                 	.MACRO __CPWRR
                 	CP   R@0,R@2
                 	CPC  R@1,R@3
                 	.ENDM
                 
                 	.MACRO __CPWRN
                 	CPI  R@0,LOW(@2)
                 	LDI  R30,HIGH(@2)
                 	CPC  R@1,R30
                 	.ENDM
                 
                 	.MACRO __ADDB1MN
                 	SUBI R30,LOW(-@0-(@1))
                 	.ENDM
                 
                 	.MACRO __ADDB2MN
                 	SUBI R26,LOW(-@0-(@1))
                 	.ENDM
                 
                 	.MACRO __ADDW1MN
                 	SUBI R30,LOW(-@0-(@1))
                 	SBCI R31,HIGH(-@0-(@1))
                 	.ENDM
                 
                 	.MACRO __ADDW2MN
                 	SUBI R26,LOW(-@0-(@1))
                 	SBCI R27,HIGH(-@0-(@1))
                 	.ENDM
                 
                 	.MACRO __ADDW1FN
                 	SUBI R30,LOW(-2*@0-(@1))
                 	SBCI R31,HIGH(-2*@0-(@1))
                 	.ENDM
                 
                 	.MACRO __ADDD1FN
                 	SUBI R30,LOW(-2*@0-(@1))
                 	SBCI R31,HIGH(-2*@0-(@1))
                 	SBCI R22,BYTE3(-2*@0-(@1))
                 	.ENDM
                 
                 	.MACRO __ADDD1N
                 	SUBI R30,LOW(-@0)
                 	SBCI R31,HIGH(-@0)
                 	SBCI R22,BYTE3(-@0)
                 	SBCI R23,BYTE4(-@0)
                 	.ENDM
                 
                 	.MACRO __ADDD2N
                 	SUBI R26,LOW(-@0)
                 	SBCI R27,HIGH(-@0)
                 	SBCI R24,BYTE3(-@0)
                 	SBCI R25,BYTE4(-@0)
                 	.ENDM
                 
                 	.MACRO __SUBD1N
                 	SUBI R30,LOW(@0)
                 	SBCI R31,HIGH(@0)
                 	SBCI R22,BYTE3(@0)
                 	SBCI R23,BYTE4(@0)
                 	.ENDM
                 
                 	.MACRO __SUBD2N
                 	SUBI R26,LOW(@0)
                 	SBCI R27,HIGH(@0)
                 	SBCI R24,BYTE3(@0)
                 	SBCI R25,BYTE4(@0)
                 	.ENDM
                 
                 	.MACRO __ANDBMNN
                 	LDS  R30,@0+(@1)
                 	ANDI R30,LOW(@2)
                 	STS  @0+(@1),R30
                 	.ENDM
                 
                 	.MACRO __ANDWMNN
                 	LDS  R30,@0+(@1)
                 	ANDI R30,LOW(@2)
                 	STS  @0+(@1),R30
                 	LDS  R30,@0+(@1)+1
                 	ANDI R30,HIGH(@2)
                 	STS  @0+(@1)+1,R30
                 	.ENDM
                 
                 	.MACRO __ANDD1N
                 	ANDI R30,LOW(@0)
                 	ANDI R31,HIGH(@0)
                 	ANDI R22,BYTE3(@0)
                 	ANDI R23,BYTE4(@0)
                 	.ENDM
                 
                 	.MACRO __ANDD2N
                 	ANDI R26,LOW(@0)
                 	ANDI R27,HIGH(@0)
                 	ANDI R24,BYTE3(@0)
                 	ANDI R25,BYTE4(@0)
                 	.ENDM
                 
                 	.MACRO __ORBMNN
                 	LDS  R30,@0+(@1)
                 	ORI  R30,LOW(@2)
                 	STS  @0+(@1),R30
                 	.ENDM
                 
                 	.MACRO __ORWMNN
                 	LDS  R30,@0+(@1)
                 	ORI  R30,LOW(@2)
                 	STS  @0+(@1),R30
                 	LDS  R30,@0+(@1)+1
                 	ORI  R30,HIGH(@2)
                 	STS  @0+(@1)+1,R30
                 	.ENDM
                 
                 	.MACRO __ORD1N
                 	ORI  R30,LOW(@0)
                 	ORI  R31,HIGH(@0)
                 	ORI  R22,BYTE3(@0)
                 	ORI  R23,BYTE4(@0)
                 	.ENDM
                 
                 	.MACRO __ORD2N
                 	ORI  R26,LOW(@0)
                 	ORI  R27,HIGH(@0)
                 	ORI  R24,BYTE3(@0)
                 	ORI  R25,BYTE4(@0)
                 	.ENDM
                 
                 	.MACRO __DELAY_USB
                 	LDI  R24,LOW(@0)
                 __DELAY_USB_LOOP:
                 	DEC  R24
                 	BRNE __DELAY_USB_LOOP
                 	.ENDM
                 
                 	.MACRO __DELAY_USW
                 	LDI  R24,LOW(@0)
                 	LDI  R25,HIGH(@0)
                 __DELAY_USW_LOOP:
                 	SBIW R24,1
                 	BRNE __DELAY_USW_LOOP
                 	.ENDM
                 
                 	.MACRO __GETD1S
                 	LDD  R30,Y+@0
                 	LDD  R31,Y+@0+1
                 	LDD  R22,Y+@0+2
                 	LDD  R23,Y+@0+3
                 	.ENDM
                 
                 	.MACRO __GETD2S
                 	LDD  R26,Y+@0
                 	LDD  R27,Y+@0+1
                 	LDD  R24,Y+@0+2
                 	LDD  R25,Y+@0+3
                 	.ENDM
                 
                 	.MACRO __PUTD1S
                 	STD  Y+@0,R30
                 	STD  Y+@0+1,R31
                 	STD  Y+@0+2,R22
                 	STD  Y+@0+3,R23
                 	.ENDM
                 
                 	.MACRO __PUTD2S
                 	STD  Y+@0,R26
                 	STD  Y+@0+1,R27
                 	STD  Y+@0+2,R24
                 	STD  Y+@0+3,R25
                 	.ENDM
                 
                 	.MACRO __PUTDZ2
                 	STD  Z+@0,R26
                 	STD  Z+@0+1,R27
                 	STD  Z+@0+2,R24
                 	STD  Z+@0+3,R25
                 	.ENDM
                 
                 	.MACRO __CLRD1S
                 	STD  Y+@0,R30
                 	STD  Y+@0+1,R30
                 	STD  Y+@0+2,R30
                 	STD  Y+@0+3,R30
                 	.ENDM
                 
                 	.MACRO __POINTB1MN
                 	LDI  R30,LOW(@0+(@1))
                 	.ENDM
                 
                 	.MACRO __POINTW1MN
                 	LDI  R30,LOW(@0+(@1))
                 	LDI  R31,HIGH(@0+(@1))
                 	.ENDM
                 
                 	.MACRO __POINTD1M
                 	LDI  R30,LOW(@0)
                 	LDI  R31,HIGH(@0)
                 	LDI  R22,BYTE3(@0)
                 	LDI  R23,BYTE4(@0)
                 	.ENDM
                 
                 	.MACRO __POINTW1FN
                 	LDI  R30,LOW(2*@0+(@1))
                 	LDI  R31,HIGH(2*@0+(@1))
                 	.ENDM
                 
                 	.MACRO __POINTD1FN
                 	LDI  R30,LOW(2*@0+(@1))
                 	LDI  R31,HIGH(2*@0+(@1))
                 	LDI  R22,BYTE3(2*@0+(@1))
                 	LDI  R23,BYTE4(2*@0+(@1))
                 	.ENDM
                 
                 	.MACRO __POINTB2MN
                 	LDI  R26,LOW(@0+(@1))
                 	.ENDM
                 
                 	.MACRO __POINTW2MN
                 	LDI  R26,LOW(@0+(@1))
                 	LDI  R27,HIGH(@0+(@1))
                 	.ENDM
                 
                 	.MACRO __POINTW2FN
                 	LDI  R26,LOW(2*@0+(@1))
                 	LDI  R27,HIGH(2*@0+(@1))
                 	.ENDM
                 
                 	.MACRO __POINTD2FN
                 	LDI  R26,LOW(2*@0+(@1))
                 	LDI  R27,HIGH(2*@0+(@1))
                 	LDI  R24,BYTE3(2*@0+(@1))
                 	LDI  R25,BYTE4(2*@0+(@1))
                 	.ENDM
                 
                 	.MACRO __POINTBRM
                 	LDI  R@0,LOW(@1)
                 	.ENDM
                 
                 	.MACRO __POINTWRM
                 	LDI  R@0,LOW(@2)
                 	LDI  R@1,HIGH(@2)
                 	.ENDM
                 
                 	.MACRO __POINTBRMN
                 	LDI  R@0,LOW(@1+(@2))
                 	.ENDM
                 
                 	.MACRO __POINTWRMN
                 	LDI  R@0,LOW(@2+(@3))
                 	LDI  R@1,HIGH(@2+(@3))
                 	.ENDM
                 
                 	.MACRO __POINTWRFN
                 	LDI  R@0,LOW(@2*2+(@3))
                 	LDI  R@1,HIGH(@2*2+(@3))
                 	.ENDM
                 
                 	.MACRO __GETD1N
                 	LDI  R30,LOW(@0)
                 	LDI  R31,HIGH(@0)
                 	LDI  R22,BYTE3(@0)
                 	LDI  R23,BYTE4(@0)
                 	.ENDM
                 
                 	.MACRO __GETD2N
                 	LDI  R26,LOW(@0)
                 	LDI  R27,HIGH(@0)
                 	LDI  R24,BYTE3(@0)
                 	LDI  R25,BYTE4(@0)
                 	.ENDM
                 
                 	.MACRO __GETB1MN
                 	LDS  R30,@0+(@1)
                 	.ENDM
                 
                 	.MACRO __GETB1HMN
                 	LDS  R31,@0+(@1)
                 	.ENDM
                 
                 	.MACRO __GETW1MN
                 	LDS  R30,@0+(@1)
                 	LDS  R31,@0+(@1)+1
                 	.ENDM
                 
                 	.MACRO __GETD1MN
                 	LDS  R30,@0+(@1)
                 	LDS  R31,@0+(@1)+1
                 	LDS  R22,@0+(@1)+2
                 	LDS  R23,@0+(@1)+3
                 	.ENDM
                 
                 	.MACRO __GETBRMN
                 	LDS  R@0,@1+(@2)
                 	.ENDM
                 
                 	.MACRO __GETWRMN
                 	LDS  R@0,@2+(@3)
                 	LDS  R@1,@2+(@3)+1
                 	.ENDM
                 
                 	.MACRO __GETWRZ
                 	LDD  R@0,Z+@2
                 	LDD  R@1,Z+@2+1
                 	.ENDM
                 
                 	.MACRO __GETD2Z
                 	LDD  R26,Z+@0
                 	LDD  R27,Z+@0+1
                 	LDD  R24,Z+@0+2
                 	LDD  R25,Z+@0+3
                 	.ENDM
                 
                 	.MACRO __GETB2MN
                 	LDS  R26,@0+(@1)
                 	.ENDM
                 
                 	.MACRO __GETW2MN
                 	LDS  R26,@0+(@1)
                 	LDS  R27,@0+(@1)+1
                 	.ENDM
                 
                 	.MACRO __GETD2MN
                 	LDS  R26,@0+(@1)
                 	LDS  R27,@0+(@1)+1
                 	LDS  R24,@0+(@1)+2
                 	LDS  R25,@0+(@1)+3
                 	.ENDM
                 
                 	.MACRO __PUTB1MN
                 	STS  @0+(@1),R30
                 	.ENDM
                 
                 	.MACRO __PUTW1MN
                 	STS  @0+(@1),R30
                 	STS  @0+(@1)+1,R31
                 	.ENDM
                 
                 	.MACRO __PUTD1MN
                 	STS  @0+(@1),R30
                 	STS  @0+(@1)+1,R31
                 	STS  @0+(@1)+2,R22
                 	STS  @0+(@1)+3,R23
                 	.ENDM
                 
                 	.MACRO __PUTB1EN
                 	LDI  R26,LOW(@0+(@1))
                 	LDI  R27,HIGH(@0+(@1))
                 	CALL __EEPROMWRB
                 	.ENDM
                 
                 	.MACRO __PUTW1EN
                 	LDI  R26,LOW(@0+(@1))
                 	LDI  R27,HIGH(@0+(@1))
                 	CALL __EEPROMWRW
                 	.ENDM
                 
                 	.MACRO __PUTD1EN
                 	LDI  R26,LOW(@0+(@1))
                 	LDI  R27,HIGH(@0+(@1))
                 	CALL __EEPROMWRD
                 	.ENDM
                 
                 	.MACRO __PUTBR0MN
                 	STS  @0+(@1),R0
                 	.ENDM
                 
                 	.MACRO __PUTBMRN
                 	STS  @0+(@1),R@2
                 	.ENDM
                 
                 	.MACRO __PUTWMRN
                 	STS  @0+(@1),R@2
                 	STS  @0+(@1)+1,R@3
                 	.ENDM
                 
                 	.MACRO __PUTBZR
                 	STD  Z+@1,R@0
                 	.ENDM
                 
                 	.MACRO __PUTWZR
                 	STD  Z+@2,R@0
                 	STD  Z+@2+1,R@1
                 	.ENDM
                 
                 	.MACRO __GETW1R
                 	MOV  R30,R@0
                 	MOV  R31,R@1
                 	.ENDM
                 
                 	.MACRO __GETW2R
                 	MOV  R26,R@0
                 	MOV  R27,R@1
                 	.ENDM
                 
                 	.MACRO __GETWRN
                 	LDI  R@0,LOW(@2)
                 	LDI  R@1,HIGH(@2)
                 	.ENDM
                 
                 	.MACRO __PUTW1R
                 	MOV  R@0,R30
                 	MOV  R@1,R31
                 	.ENDM
                 
                 	.MACRO __PUTW2R
                 	MOV  R@0,R26
                 	MOV  R@1,R27
                 	.ENDM
                 
                 	.MACRO __ADDWRN
                 	SUBI R@0,LOW(-@2)
                 	SBCI R@1,HIGH(-@2)
                 	.ENDM
                 
                 	.MACRO __ADDWRR
                 	ADD  R@0,R@2
                 	ADC  R@1,R@3
                 	.ENDM
                 
                 	.MACRO __SUBWRN
                 	SUBI R@0,LOW(@2)
                 	SBCI R@1,HIGH(@2)
                 	.ENDM
                 
                 	.MACRO __SUBWRR
                 	SUB  R@0,R@2
                 	SBC  R@1,R@3
                 	.ENDM
                 
                 	.MACRO __ANDWRN
                 	ANDI R@0,LOW(@2)
                 	ANDI R@1,HIGH(@2)
                 	.ENDM
                 
                 	.MACRO __ANDWRR
                 	AND  R@0,R@2
                 	AND  R@1,R@3
                 	.ENDM
                 
                 	.MACRO __ORWRN
                 	ORI  R@0,LOW(@2)
                 	ORI  R@1,HIGH(@2)
                 	.ENDM
                 
                 	.MACRO __ORWRR
                 	OR   R@0,R@2
                 	OR   R@1,R@3
                 	.ENDM
                 
                 	.MACRO __EORWRR
                 	EOR  R@0,R@2
                 	EOR  R@1,R@3
                 	.ENDM
                 
                 	.MACRO __GETWRS
                 	LDD  R@0,Y+@2
                 	LDD  R@1,Y+@2+1
                 	.ENDM
                 
                 	.MACRO __PUTBSR
                 	STD  Y+@1,R@0
                 	.ENDM
                 
                 	.MACRO __PUTWSR
                 	STD  Y+@2,R@0
                 	STD  Y+@2+1,R@1
                 	.ENDM
                 
                 	.MACRO __MOVEWRR
                 	MOV  R@0,R@2
                 	MOV  R@1,R@3
                 	.ENDM
                 
                 	.MACRO __INWR
                 	IN   R@0,@2
                 	IN   R@1,@2+1
                 	.ENDM
                 
                 	.MACRO __OUTWR
                 	OUT  @2+1,R@1
                 	OUT  @2,R@0
                 	.ENDM
                 
                 	.MACRO __CALL1MN
                 	LDS  R30,@0+(@1)
                 	LDS  R31,@0+(@1)+1
                 	ICALL
                 	.ENDM
                 
                 	.MACRO __CALL1FN
                 	LDI  R30,LOW(2*@0+(@1))
                 	LDI  R31,HIGH(2*@0+(@1))
                 	CALL __GETW1PF
                 	ICALL
                 	.ENDM
                 
                 	.MACRO __CALL2EN
                 	PUSH R26
                 	PUSH R27
                 	LDI  R26,LOW(@0+(@1))
                 	LDI  R27,HIGH(@0+(@1))
                 	CALL __EEPROMRDW
                 	POP  R27
                 	POP  R26
                 	ICALL
                 	.ENDM
                 
                 	.MACRO __CALL2EX
                 	SUBI R26,LOW(-@0)
                 	SBCI R27,HIGH(-@0)
                 	CALL __EEPROMRDD
                 	ICALL
                 	.ENDM
                 
                 	.MACRO __GETW1STACK
                 	IN   R30,SPL
                 	IN   R31,SPH
                 	ADIW R30,@0+1
                 	LD   R0,Z+
                 	LD   R31,Z
                 	MOV  R30,R0
                 	.ENDM
                 
                 	.MACRO __GETD1STACK
                 	IN   R30,SPL
                 	IN   R31,SPH
                 	ADIW R30,@0+1
                 	LD   R0,Z+
                 	LD   R1,Z+
                 	LD   R22,Z
                 	MOVW R30,R0
                 	.ENDM
                 
                 	.MACRO __NBST
                 	BST  R@0,@1
                 	IN   R30,SREG
                 	LDI  R31,0x40
                 	EOR  R30,R31
                 	OUT  SREG,R30
                 	.ENDM
                 
                 
                 	.MACRO __PUTB1SN
                 	LDD  R26,Y+@0
                 	LDD  R27,Y+@0+1
                 	SUBI R26,LOW(-@1)
                 	SBCI R27,HIGH(-@1)
                 	ST   X,R30
                 	.ENDM
                 
                 	.MACRO __PUTW1SN
                 	LDD  R26,Y+@0
                 	LDD  R27,Y+@0+1
                 	SUBI R26,LOW(-@1)
                 	SBCI R27,HIGH(-@1)
                 	ST   X+,R30
                 	ST   X,R31
                 	.ENDM
                 
                 	.MACRO __PUTD1SN
                 	LDD  R26,Y+@0
                 	LDD  R27,Y+@0+1
                 	SUBI R26,LOW(-@1)
                 	SBCI R27,HIGH(-@1)
                 	CALL __PUTDP1
                 	.ENDM
                 
                 	.MACRO __PUTB1SNS
                 	LDD  R26,Y+@0
                 	LDD  R27,Y+@0+1
                 	ADIW R26,@1
                 	ST   X,R30
                 	.ENDM
                 
                 	.MACRO __PUTW1SNS
                 	LDD  R26,Y+@0
                 	LDD  R27,Y+@0+1
                 	ADIW R26,@1
                 	ST   X+,R30
                 	ST   X,R31
                 	.ENDM
                 
                 	.MACRO __PUTD1SNS
                 	LDD  R26,Y+@0
                 	LDD  R27,Y+@0+1
                 	ADIW R26,@1
                 	CALL __PUTDP1
                 	.ENDM
                 
                 	.MACRO __PUTB1PMN
                 	LDS  R26,@0
                 	LDS  R27,@0+1
                 	SUBI R26,LOW(-@1)
                 	SBCI R27,HIGH(-@1)
                 	ST   X,R30
                 	.ENDM
                 
                 	.MACRO __PUTW1PMN
                 	LDS  R26,@0
                 	LDS  R27,@0+1
                 	SUBI R26,LOW(-@1)
                 	SBCI R27,HIGH(-@1)
                 	ST   X+,R30
                 	ST   X,R31
                 	.ENDM
                 
                 	.MACRO __PUTD1PMN
                 	LDS  R26,@0
                 	LDS  R27,@0+1
                 	SUBI R26,LOW(-@1)
                 	SBCI R27,HIGH(-@1)
                 	CALL __PUTDP1
                 	.ENDM
                 
                 	.MACRO __PUTB1PMNS
                 	LDS  R26,@0
                 	LDS  R27,@0+1
                 	ADIW R26,@1
                 	ST   X,R30
                 	.ENDM
                 
                 	.MACRO __PUTW1PMNS
                 	LDS  R26,@0
                 	LDS  R27,@0+1
                 	ADIW R26,@1
                 	ST   X+,R30
                 	ST   X,R31
                 	.ENDM
                 
                 	.MACRO __PUTD1PMNS
                 	LDS  R26,@0
                 	LDS  R27,@0+1
                 	ADIW R26,@1
                 	CALL __PUTDP1
                 	.ENDM
                 
                 	.MACRO __PUTB1RN
                 	MOVW R26,R@0
                 	SUBI R26,LOW(-@1)
                 	SBCI R27,HIGH(-@1)
                 	ST   X,R30
                 	.ENDM
                 
                 	.MACRO __PUTW1RN
                 	MOVW R26,R@0
                 	SUBI R26,LOW(-@1)
                 	SBCI R27,HIGH(-@1)
                 	ST   X+,R30
                 	ST   X,R31
                 	.ENDM
                 
                 	.MACRO __PUTD1RN
                 	MOVW R26,R@0
                 	SUBI R26,LOW(-@1)
                 	SBCI R27,HIGH(-@1)
                 	CALL __PUTDP1
                 	.ENDM
                 
                 	.MACRO __PUTB1RNS
                 	MOVW R26,R@0
                 	ADIW R26,@1
                 	ST   X,R30
                 	.ENDM
                 
                 	.MACRO __PUTW1RNS
                 	MOVW R26,R@0
                 	ADIW R26,@1
                 	ST   X+,R30
                 	ST   X,R31
                 	.ENDM
                 
                 	.MACRO __PUTD1RNS
                 	MOVW R26,R@0
                 	ADIW R26,@1
                 	CALL __PUTDP1
                 	.ENDM
                 
                 	.MACRO __PUTB1RON
                 	MOV  R26,R@0
                 	MOV  R27,R@1
                 	SUBI R26,LOW(-@2)
                 	SBCI R27,HIGH(-@2)
                 	ST   X,R30
                 	.ENDM
                 
                 	.MACRO __PUTW1RON
                 	MOV  R26,R@0
                 	MOV  R27,R@1
                 	SUBI R26,LOW(-@2)
                 	SBCI R27,HIGH(-@2)
                 	ST   X+,R30
                 	ST   X,R31
                 	.ENDM
                 
                 	.MACRO __PUTD1RON
                 	MOV  R26,R@0
                 	MOV  R27,R@1
                 	SUBI R26,LOW(-@2)
                 	SBCI R27,HIGH(-@2)
                 	CALL __PUTDP1
                 	.ENDM
                 
                 	.MACRO __PUTB1RONS
                 	MOV  R26,R@0
                 	MOV  R27,R@1
                 	ADIW R26,@2
                 	ST   X,R30
                 	.ENDM
                 
                 	.MACRO __PUTW1RONS
                 	MOV  R26,R@0
                 	MOV  R27,R@1
                 	ADIW R26,@2
                 	ST   X+,R30
                 	ST   X,R31
                 	.ENDM
                 
                 	.MACRO __PUTD1RONS
                 	MOV  R26,R@0
                 	MOV  R27,R@1
                 	ADIW R26,@2
                 	CALL __PUTDP1
                 	.ENDM
                 
                 
                 	.MACRO __GETB1SX
                 	MOVW R30,R28
                 	SUBI R30,LOW(-@0)
                 	SBCI R31,HIGH(-@0)
                 	LD   R30,Z
                 	.ENDM
                 
                 	.MACRO __GETB1HSX
                 	MOVW R30,R28
                 	SUBI R30,LOW(-@0)
                 	SBCI R31,HIGH(-@0)
                 	LD   R31,Z
                 	.ENDM
                 
                 	.MACRO __GETW1SX
                 	MOVW R30,R28
                 	SUBI R30,LOW(-@0)
                 	SBCI R31,HIGH(-@0)
                 	LD   R0,Z+
                 	LD   R31,Z
                 	MOV  R30,R0
                 	.ENDM
                 
                 	.MACRO __GETD1SX
                 	MOVW R30,R28
                 	SUBI R30,LOW(-@0)
                 	SBCI R31,HIGH(-@0)
                 	LD   R0,Z+
                 	LD   R1,Z+
                 	LD   R22,Z+
                 	LD   R23,Z
                 	MOVW R30,R0
                 	.ENDM
                 
                 	.MACRO __GETB2SX
                 	MOVW R26,R28
                 	SUBI R26,LOW(-@0)
                 	SBCI R27,HIGH(-@0)
                 	LD   R26,X
                 	.ENDM
                 
                 	.MACRO __GETW2SX
                 	MOVW R26,R28
                 	SUBI R26,LOW(-@0)
                 	SBCI R27,HIGH(-@0)
                 	LD   R0,X+
                 	LD   R27,X
                 	MOV  R26,R0
                 	.ENDM
                 
                 	.MACRO __GETD2SX
                 	MOVW R26,R28
                 	SUBI R26,LOW(-@0)
                 	SBCI R27,HIGH(-@0)
                 	LD   R0,X+
                 	LD   R1,X+
                 	LD   R24,X+
                 	LD   R25,X
                 	MOVW R26,R0
                 	.ENDM
                 
                 	.MACRO __GETBRSX
                 	MOVW R30,R28
                 	SUBI R30,LOW(-@1)
                 	SBCI R31,HIGH(-@1)
                 	LD   R@0,Z
                 	.ENDM
                 
                 	.MACRO __GETWRSX
                 	MOVW R30,R28
                 	SUBI R30,LOW(-@2)
                 	SBCI R31,HIGH(-@2)
                 	LD   R@0,Z+
                 	LD   R@1,Z
                 	.ENDM
                 
                 	.MACRO __GETBRSX2
                 	MOVW R26,R28
                 	SUBI R26,LOW(-@1)
                 	SBCI R27,HIGH(-@1)
                 	LD   R@0,X
                 	.ENDM
                 
                 	.MACRO __GETWRSX2
                 	MOVW R26,R28
                 	SUBI R26,LOW(-@2)
                 	SBCI R27,HIGH(-@2)
                 	LD   R@0,X+
                 	LD   R@1,X
                 	.ENDM
                 
                 	.MACRO __LSLW8SX
                 	MOVW R30,R28
                 	SUBI R30,LOW(-@0)
                 	SBCI R31,HIGH(-@0)
                 	LD   R31,Z
                 	CLR  R30
                 	.ENDM
                 
                 	.MACRO __PUTB1SX
                 	MOVW R26,R28
                 	SUBI R26,LOW(-@0)
                 	SBCI R27,HIGH(-@0)
                 	ST   X,R30
                 	.ENDM
                 
                 	.MACRO __PUTW1SX
                 	MOVW R26,R28
                 	SUBI R26,LOW(-@0)
                 	SBCI R27,HIGH(-@0)
                 	ST   X+,R30
                 	ST   X,R31
                 	.ENDM
                 
                 	.MACRO __PUTD1SX
                 	MOVW R26,R28
                 	SUBI R26,LOW(-@0)
                 	SBCI R27,HIGH(-@0)
                 	ST   X+,R30
                 	ST   X+,R31
                 	ST   X+,R22
                 	ST   X,R23
                 	.ENDM
                 
                 	.MACRO __CLRW1SX
                 	MOVW R26,R28
                 	SUBI R26,LOW(-@0)
                 	SBCI R27,HIGH(-@0)
                 	ST   X+,R30
                 	ST   X,R30
                 	.ENDM
                 
                 	.MACRO __CLRD1SX
                 	MOVW R26,R28
                 	SUBI R26,LOW(-@0)
                 	SBCI R27,HIGH(-@0)
                 	ST   X+,R30
                 	ST   X+,R30
                 	ST   X+,R30
                 	ST   X,R30
                 	.ENDM
                 
                 	.MACRO __PUTB2SX
                 	MOVW R30,R28
                 	SUBI R30,LOW(-@0)
                 	SBCI R31,HIGH(-@0)
                 	ST   Z,R26
                 	.ENDM
                 
                 	.MACRO __PUTW2SX
                 	MOVW R30,R28
                 	SUBI R30,LOW(-@0)
                 	SBCI R31,HIGH(-@0)
                 	ST   Z+,R26
                 	ST   Z,R27
                 	.ENDM
                 
                 	.MACRO __PUTD2SX
                 	MOVW R30,R28
                 	SUBI R30,LOW(-@0)
                 	SBCI R31,HIGH(-@0)
                 	ST   Z+,R26
                 	ST   Z+,R27
                 	ST   Z+,R24
                 	ST   Z,R25
                 	.ENDM
                 
                 	.MACRO __PUTBSRX
                 	MOVW R30,R28
                 	SUBI R30,LOW(-@1)
                 	SBCI R31,HIGH(-@1)
                 	ST   Z,R@0
                 	.ENDM
                 
                 	.MACRO __PUTWSRX
                 	MOVW R30,R28
                 	SUBI R30,LOW(-@2)
                 	SBCI R31,HIGH(-@2)
                 	ST   Z+,R@0
                 	ST   Z,R@1
                 	.ENDM
                 
                 	.MACRO __PUTB1SNX
                 	MOVW R26,R28
                 	SUBI R26,LOW(-@0)
                 	SBCI R27,HIGH(-@0)
                 	LD   R0,X+
                 	LD   R27,X
                 	MOV  R26,R0
                 	SUBI R26,LOW(-@1)
                 	SBCI R27,HIGH(-@1)
                 	ST   X,R30
                 	.ENDM
                 
                 	.MACRO __PUTW1SNX
                 	MOVW R26,R28
                 	SUBI R26,LOW(-@0)
                 	SBCI R27,HIGH(-@0)
                 	LD   R0,X+
                 	LD   R27,X
                 	MOV  R26,R0
                 	SUBI R26,LOW(-@1)
                 	SBCI R27,HIGH(-@1)
                 	ST   X+,R30
                 	ST   X,R31
                 	.ENDM
                 
                 	.MACRO __PUTD1SNX
                 	MOVW R26,R28
                 	SUBI R26,LOW(-@0)
                 	SBCI R27,HIGH(-@0)
                 	LD   R0,X+
                 	LD   R27,X
                 	MOV  R26,R0
                 	SUBI R26,LOW(-@1)
                 	SBCI R27,HIGH(-@1)
                 	ST   X+,R30
                 	ST   X+,R31
                 	ST   X+,R22
                 	ST   X,R23
                 	.ENDM
                 
                 	.MACRO __MULBRR
                 	MULS R@0,R@1
                 	MOVW R30,R0
                 	.ENDM
                 
                 	.MACRO __MULBRRU
                 	MUL  R@0,R@1
                 	MOVW R30,R0
                 	.ENDM
                 
                 	.MACRO __MULBRR0
                 	MULS R@0,R@1
                 	.ENDM
                 
                 	.MACRO __MULBRRU0
                 	MUL  R@0,R@1
                 	.ENDM
                 
                 	.MACRO __MULBNWRU
                 	LDI  R26,@2
                 	MUL  R26,R@0
                 	MOVW R30,R0
                 	MUL  R26,R@1
                 	ADD  R31,R0
                 	.ENDM
                 
                 ;NAME DEFINITIONS FOR GLOBAL VARIABLES ALLOCATED TO REGISTERS
                 	.DEF _read_key=R5
                 	.DEF _read_val=R4
                 	.DEF __lcd_x=R7
                 	.DEF __lcd_y=R6
                 	.DEF __lcd_maxx=R9
                 
                 	.CSEG
                 	.ORG 0x00
                 
                 ;START OF CODE MARKER
                 __START_OF_CODE:
                 
                 ;INTERRUPT VECTORS
000000 940c 0033 	JMP  __RESET
000002 940c 0060 	JMP  _read_keypad
000004 940c 0000 	JMP  0x00
000006 940c 0000 	JMP  0x00
000008 940c 0000 	JMP  0x00
00000a 940c 0000 	JMP  0x00
00000c 940c 0000 	JMP  0x00
00000e 940c 0000 	JMP  0x00
000010 940c 0000 	JMP  0x00
000012 940c 0000 	JMP  0x00
000014 940c 0000 	JMP  0x00
000016 940c 0000 	JMP  0x00
000018 940c 0000 	JMP  0x00
00001a 940c 0000 	JMP  0x00
00001c 940c 0000 	JMP  0x00
00001e 940c 0000 	JMP  0x00
000020 940c 0000 	JMP  0x00
000022 940c 0000 	JMP  0x00
000024 940c 0000 	JMP  0x00
000026 940c 0000 	JMP  0x00
000028 940c 0000 	JMP  0x00
                 
                 ;GLOBAL REGISTER VARIABLES INITIALIZATION
                 __REG_VARS:
00002a 0000      	.DB  0x0,0x0
                 
                 _0x2000003:
00002b c080      	.DB  0x80,0xC0
                 
                 __GLOBAL_INI_TBL:
00002c 0002      	.DW  0x02
00002d 0004      	.DW  0x04
00002e 0054      	.DW  __REG_VARS*2
                 
00002f 0002      	.DW  0x02
000030 0160      	.DW  __base_y_G100
000031 0056      	.DW  _0x2000003*2
                 
                 _0xFFFFFFFF:
000032 0000      	.DW  0
                 
                 #define __GLOBAL_INI_TBL_PRESENT 1
                 
                 __RESET:
000033 94f8      	CLI
000034 27ee      	CLR  R30
000035 bbec      	OUT  EECR,R30
                 
                 ;INTERRUPT VECTORS ARE PLACED
                 ;AT THE START OF FLASH
000036 e0f1      	LDI  R31,1
000037 bffb      	OUT  GICR,R31
000038 bfeb      	OUT  GICR,R30
000039 bfe5      	OUT  MCUCR,R30
                 
                 ;CLEAR R2-R14
00003a e08d      	LDI  R24,(14-2)+1
00003b e0a2      	LDI  R26,2
00003c 27bb      	CLR  R27
                 __CLEAR_REG:
00003d 93ed      	ST   X+,R30
00003e 958a      	DEC  R24
00003f f7e9      	BRNE __CLEAR_REG
                 
                 ;CLEAR SRAM
000040 e080      	LDI  R24,LOW(__CLEAR_SRAM_SIZE)
000041 e094      	LDI  R25,HIGH(__CLEAR_SRAM_SIZE)
000042 e6a0      	LDI  R26,__SRAM_START
                 __CLEAR_SRAM:
000043 93ed      	ST   X+,R30
000044 9701      	SBIW R24,1
000045 f7e9      	BRNE __CLEAR_SRAM
                 
                 ;GLOBAL VARIABLES INITIALIZATION
000046 e5e8      	LDI  R30,LOW(__GLOBAL_INI_TBL*2)
000047 e0f0      	LDI  R31,HIGH(__GLOBAL_INI_TBL*2)
                 __GLOBAL_INI_NEXT:
000048 9185      	LPM  R24,Z+
000049 9195      	LPM  R25,Z+
00004a 9700      	SBIW R24,0
00004b f061      	BREQ __GLOBAL_INI_END
00004c 91a5      	LPM  R26,Z+
00004d 91b5      	LPM  R27,Z+
00004e 9005      	LPM  R0,Z+
00004f 9015      	LPM  R1,Z+
000050 01bf      	MOVW R22,R30
000051 01f0      	MOVW R30,R0
                 __GLOBAL_INI_LOOP:
000052 9005      	LPM  R0,Z+
000053 920d      	ST   X+,R0
000054 9701      	SBIW R24,1
000055 f7e1      	BRNE __GLOBAL_INI_LOOP
000056 01fb      	MOVW R30,R22
000057 cff0      	RJMP __GLOBAL_INI_NEXT
                 __GLOBAL_INI_END:
                 
                 ;HARDWARE STACK POINTER INITIALIZATION
000058 e5ef      	LDI  R30,LOW(__SRAM_END-__HEAP_SIZE)
000059 bfed      	OUT  SPL,R30
00005a e0e4      	LDI  R30,HIGH(__SRAM_END-__HEAP_SIZE)
00005b bfee      	OUT  SPH,R30
                 
                 ;DATA STACK POINTER INITIALIZATION
00005c e6c0      	LDI  R28,LOW(__SRAM_START+__DSTACK_SIZE)
00005d e0d1      	LDI  R29,HIGH(__SRAM_START+__DSTACK_SIZE)
                 
00005e 940c 00df 	JMP  _main
                 
                 	.ESEG
                 	.ORG 0
                 
                 	.DSEG
                 	.ORG 0x160
                 
                 	.CSEG
                 ;/*******************************************************
                 ;This program was created by the
                 ;CodeWizardAVR V3.14 Advanced
                 ;Automatic Program Generator
                 ;© Copyright 1998-2014 Pavel Haiduc, HP InfoTech s.r.l.
                 ;http://www.hpinfotech.com
                 ;
                 ;Project :
                 ;Version :
                 ;Date    : 1/1/2024
                 ;Author  :
                 ;Company :
                 ;Comments:
                 ;
                 ;
                 ;Chip type               : ATmega16
                 ;Program type            : Application
                 ;AVR Core Clock frequency: 4.000000 MHz
                 ;Memory model            : Small
                 ;External RAM size       : 0
                 ;Data Stack size         : 256
                 ;*******************************************************/
                 ;
                 ;#include <mega16.h>
                 	#ifndef __SLEEP_DEFINED__
                 	#define __SLEEP_DEFINED__
                 	.EQU __se_bit=0x40
                 	.EQU __sm_mask=0xB0
                 	.EQU __sm_powerdown=0x20
                 	.EQU __sm_powersave=0x30
                 	.EQU __sm_standby=0xA0
                 	.EQU __sm_ext_standby=0xB0
                 	.EQU __sm_adc_noise_red=0x10
                 	.SET power_ctrl_reg=mcucr
                 	#endif
                 ;
                 ;// Alphanumeric LCD functions
                 ;#include <alcd.h>
                 ;
                 ;#define keypin PINB
                 ;
                 ;char read_key = '\0' , read_val = '\0';
                 ;
                 ;interrupt [EXT_INT0] void read_keypad(void)
                 ; 0000 0022 {
                 
                 	.CSEG
                 _read_keypad:
                 ; .FSTART _read_keypad
000060 920a      	ST   -Y,R0
000061 921a      	ST   -Y,R1
000062 92fa      	ST   -Y,R15
000063 936a      	ST   -Y,R22
000064 937a      	ST   -Y,R23
000065 938a      	ST   -Y,R24
000066 939a      	ST   -Y,R25
000067 93aa      	ST   -Y,R26
000068 93ba      	ST   -Y,R27
000069 93ea      	ST   -Y,R30
00006a 93fa      	ST   -Y,R31
00006b b7ef      	IN   R30,SREG
00006c 93ea      	ST   -Y,R30
                 ; 0000 0023     read_val = 0x0f & keypin;
00006d b3e6      	IN   R30,0x16
00006e 70ef      	ANDI R30,LOW(0xF)
00006f 2e4e      	MOV  R4,R30
                 ; 0000 0024     switch ( read_val )
000070 e0f0      	LDI  R31,0
                 ; 0000 0025     {
                 ; 0000 0026         case 0x00 :
000071 9730      	SBIW R30,0
000072 f411      	BRNE _0x6
                 ; 0000 0027             read_key = '0';
000073 e3e0      	LDI  R30,LOW(48)
000074 c059      	RJMP _0x1A
                 ; 0000 0028             break;
                 ; 0000 0029         case 0x01 :
                 _0x6:
000075 30e1      	CPI  R30,LOW(0x1)
000076 e0a0      	LDI  R26,HIGH(0x1)
000077 07fa      	CPC  R31,R26
000078 f411      	BRNE _0x7
                 ; 0000 002A             read_key = '1';
000079 e3e1      	LDI  R30,LOW(49)
00007a c053      	RJMP _0x1A
                 ; 0000 002B             break;
                 ; 0000 002C         case 0x02 :
                 _0x7:
00007b 30e2      	CPI  R30,LOW(0x2)
00007c e0a0      	LDI  R26,HIGH(0x2)
00007d 07fa      	CPC  R31,R26
00007e f411      	BRNE _0x8
                 ; 0000 002D             read_key = '2';
00007f e3e2      	LDI  R30,LOW(50)
000080 c04d      	RJMP _0x1A
                 ; 0000 002E             break;
                 ; 0000 002F         case 0x03 :
                 _0x8:
000081 30e3      	CPI  R30,LOW(0x3)
000082 e0a0      	LDI  R26,HIGH(0x3)
000083 07fa      	CPC  R31,R26
000084 f411      	BRNE _0x9
                 ; 0000 0030             read_key = '3';
000085 e3e3      	LDI  R30,LOW(51)
000086 c047      	RJMP _0x1A
                 ; 0000 0031             break;
                 ; 0000 0032         case 0x04 :
                 _0x9:
000087 30e4      	CPI  R30,LOW(0x4)
000088 e0a0      	LDI  R26,HIGH(0x4)
000089 07fa      	CPC  R31,R26
00008a f411      	BRNE _0xA
                 ; 0000 0033             read_key = '4';
00008b e3e4      	LDI  R30,LOW(52)
00008c c041      	RJMP _0x1A
                 ; 0000 0034             break;
                 ; 0000 0035         case 0x05 :
                 _0xA:
00008d 30e5      	CPI  R30,LOW(0x5)
00008e e0a0      	LDI  R26,HIGH(0x5)
00008f 07fa      	CPC  R31,R26
000090 f411      	BRNE _0xB
                 ; 0000 0036             read_key = '5';
000091 e3e5      	LDI  R30,LOW(53)
000092 c03b      	RJMP _0x1A
                 ; 0000 0037             break;
                 ; 0000 0038         case 0x06 :
                 _0xB:
000093 30e6      	CPI  R30,LOW(0x6)
000094 e0a0      	LDI  R26,HIGH(0x6)
000095 07fa      	CPC  R31,R26
000096 f411      	BRNE _0xC
                 ; 0000 0039             read_key = '6';
000097 e3e6      	LDI  R30,LOW(54)
000098 c035      	RJMP _0x1A
                 ; 0000 003A             break;
                 ; 0000 003B         case 0x07 :
                 _0xC:
000099 30e7      	CPI  R30,LOW(0x7)
00009a e0a0      	LDI  R26,HIGH(0x7)
00009b 07fa      	CPC  R31,R26
00009c f411      	BRNE _0xD
                 ; 0000 003C             read_key = '7';
00009d e3e7      	LDI  R30,LOW(55)
00009e c02f      	RJMP _0x1A
                 ; 0000 003D             break;
                 ; 0000 003E         case 0x08 :
                 _0xD:
00009f 30e8      	CPI  R30,LOW(0x8)
0000a0 e0a0      	LDI  R26,HIGH(0x8)
0000a1 07fa      	CPC  R31,R26
0000a2 f411      	BRNE _0xE
                 ; 0000 003F             read_key = '8';
0000a3 e3e8      	LDI  R30,LOW(56)
0000a4 c029      	RJMP _0x1A
                 ; 0000 0040             break;
                 ; 0000 0041         case 0x09 :
                 _0xE:
0000a5 30e9      	CPI  R30,LOW(0x9)
0000a6 e0a0      	LDI  R26,HIGH(0x9)
0000a7 07fa      	CPC  R31,R26
0000a8 f411      	BRNE _0xF
                 ; 0000 0042             read_key = '9';
0000a9 e3e9      	LDI  R30,LOW(57)
0000aa c023      	RJMP _0x1A
                 ; 0000 0043             break;
                 ; 0000 0044         case 0x0a :
                 _0xF:
0000ab 30ea      	CPI  R30,LOW(0xA)
0000ac e0a0      	LDI  R26,HIGH(0xA)
0000ad 07fa      	CPC  R31,R26
0000ae f411      	BRNE _0x10
                 ; 0000 0045             read_key = 'A';
0000af e4e1      	LDI  R30,LOW(65)
0000b0 c01d      	RJMP _0x1A
                 ; 0000 0046             break;
                 ; 0000 0047         case 0x0b :
                 _0x10:
0000b1 30eb      	CPI  R30,LOW(0xB)
0000b2 e0a0      	LDI  R26,HIGH(0xB)
0000b3 07fa      	CPC  R31,R26
0000b4 f411      	BRNE _0x11
                 ; 0000 0048             read_key = 'B';
0000b5 e4e2      	LDI  R30,LOW(66)
0000b6 c017      	RJMP _0x1A
                 ; 0000 0049             break;
                 ; 0000 004A         case 0x0c :
                 _0x11:
0000b7 30ec      	CPI  R30,LOW(0xC)
0000b8 e0a0      	LDI  R26,HIGH(0xC)
0000b9 07fa      	CPC  R31,R26
0000ba f411      	BRNE _0x12
                 ; 0000 004B             read_key = 'C';
0000bb e4e3      	LDI  R30,LOW(67)
0000bc c011      	RJMP _0x1A
                 ; 0000 004C             break;
                 ; 0000 004D         case 0x0d :
                 _0x12:
0000bd 30ed      	CPI  R30,LOW(0xD)
0000be e0a0      	LDI  R26,HIGH(0xD)
0000bf 07fa      	CPC  R31,R26
0000c0 f411      	BRNE _0x13
                 ; 0000 004E             read_key = 'D';
0000c1 e4e4      	LDI  R30,LOW(68)
0000c2 c00b      	RJMP _0x1A
                 ; 0000 004F             break;
                 ; 0000 0050         case 0x0e :
                 _0x13:
0000c3 30ee      	CPI  R30,LOW(0xE)
0000c4 e0a0      	LDI  R26,HIGH(0xE)
0000c5 07fa      	CPC  R31,R26
0000c6 f411      	BRNE _0x14
                 ; 0000 0051             read_key = 'E';
0000c7 e4e5      	LDI  R30,LOW(69)
0000c8 c005      	RJMP _0x1A
                 ; 0000 0052             break;
                 ; 0000 0053         case 0x0f :
                 _0x14:
0000c9 30ef      	CPI  R30,LOW(0xF)
0000ca e0a0      	LDI  R26,HIGH(0xF)
0000cb 07fa      	CPC  R31,R26
0000cc f411      	BRNE _0x5
                 ; 0000 0054             read_key = 'F';
0000cd e4e6      	LDI  R30,LOW(70)
                 _0x1A:
0000ce 2e5e      	MOV  R5,R30
                 ; 0000 0055             break;
                 ; 0000 0056     }
                 _0x5:
                 ; 0000 0057 
                 ; 0000 0058     lcd_putchar( read_key ) ;
0000cf 2da5      	MOV  R26,R5
0000d0 d05b      	RCALL _lcd_putchar
                 ; 0000 0059 
                 ; 0000 005A }
0000d1 91e9      	LD   R30,Y+
0000d2 bfef      	OUT  SREG,R30
0000d3 91f9      	LD   R31,Y+
0000d4 91e9      	LD   R30,Y+
0000d5 91b9      	LD   R27,Y+
0000d6 91a9      	LD   R26,Y+
0000d7 9199      	LD   R25,Y+
0000d8 9189      	LD   R24,Y+
0000d9 9179      	LD   R23,Y+
0000da 9169      	LD   R22,Y+
0000db 90f9      	LD   R15,Y+
0000dc 9019      	LD   R1,Y+
0000dd 9009      	LD   R0,Y+
0000de 9518      	RETI
                 ; .FEND
                 ;
                 ;void main(void)
                 ; 0000 005D {
                 _main:
                 ; .FSTART _main
                 ; 0000 005E 
                 ; 0000 005F DDRB = 0x00;
0000df e0e0      	LDI  R30,LOW(0)
0000e0 bbe7      	OUT  0x17,R30
                 ; 0000 0060 PORTB = 0xff;
0000e1 efef      	LDI  R30,LOW(255)
0000e2 bbe8      	OUT  0x18,R30
                 ; 0000 0061 DDRC = 0xff;
0000e3 bbe4      	OUT  0x14,R30
                 ; 0000 0062 PORTC = 0x00;
0000e4 e0e0      	LDI  R30,LOW(0)
0000e5 bbe5      	OUT  0x15,R30
                 ; 0000 0063 
                 ; 0000 0064 GICR|=(0<<INT1) | (1<<INT0) | (0<<INT2);
0000e6 b7eb      	IN   R30,0x3B
0000e7 64e0      	ORI  R30,0x40
0000e8 bfeb      	OUT  0x3B,R30
                 ; 0000 0065 MCUCR=(0<<ISC11) | (0<<ISC10) | (1<<ISC01) | (1<<ISC00);
0000e9 e0e3      	LDI  R30,LOW(3)
0000ea bfe5      	OUT  0x35,R30
                 ; 0000 0066 MCUCSR=(0<<ISC2);
0000eb e0e0      	LDI  R30,LOW(0)
0000ec bfe4      	OUT  0x34,R30
                 ; 0000 0067 GIFR=(0<<INTF1) | (1<<INTF0) | (0<<INTF2);
0000ed e4e0      	LDI  R30,LOW(64)
0000ee bfea      	OUT  0x3A,R30
                 ; 0000 0068 
                 ; 0000 0069 lcd_init(16);
0000ef e1a0      	LDI  R26,LOW(16)
0000f0 d04f      	RCALL _lcd_init
                 ; 0000 006A 
                 ; 0000 006B // Global enable interrupts
                 ; 0000 006C #asm("sei")
0000f1 9478      	sei
                 ; 0000 006D 
                 ; 0000 006E while (1)
                 _0x16:
                 ; 0000 006F       {
                 ; 0000 0070       // Place your code here
                 ; 0000 0071 
                 ; 0000 0072       }
0000f2 cfff      	RJMP _0x16
                 ; 0000 0073 }
                 _0x19:
0000f3 cfff      	RJMP _0x19
                 ; .FEND
                 	#ifndef __SLEEP_DEFINED__
                 	#endif
                 
                 	.DSEG
                 
                 	.CSEG
                 __lcd_write_nibble_G100:
                 ; .FSTART __lcd_write_nibble_G100
0000f4 93aa      	ST   -Y,R26
0000f5 b3e5      	IN   R30,0x15
0000f6 70ef      	ANDI R30,LOW(0xF)
0000f7 2fae      	MOV  R26,R30
0000f8 81e8      	LD   R30,Y
0000f9 7fe0      	ANDI R30,LOW(0xF0)
0000fa 2bea      	OR   R30,R26
0000fb bbe5      	OUT  0x15,R30
                +
0000fc e18b     +LDI R24 , LOW ( 27 )
                +__DELAY_USB_LOOP :
0000fd 958a     +DEC R24
0000fe f7f1     +BRNE __DELAY_USB_LOOP
                 	__DELAY_USB 27
0000ff 9aaa      	SBI  0x15,2
                +
000100 e18b     +LDI R24 , LOW ( 27 )
                +__DELAY_USB_LOOP :
000101 958a     +DEC R24
000102 f7f1     +BRNE __DELAY_USB_LOOP
                 	__DELAY_USB 27
000103 98aa      	CBI  0x15,2
                +
000104 e18b     +LDI R24 , LOW ( 27 )
                +__DELAY_USB_LOOP :
000105 958a     +DEC R24
000106 f7f1     +BRNE __DELAY_USB_LOOP
                 	__DELAY_USB 27
000107 c061      	RJMP _0x2020001
                 ; .FEND
                 __lcd_write_data:
                 ; .FSTART __lcd_write_data
000108 93aa      	ST   -Y,R26
000109 81a8      	LD   R26,Y
00010a dfe9      	RCALL __lcd_write_nibble_G100
00010b 81e8          ld    r30,y
00010c 95e2          swap  r30
00010d 83e8          st    y,r30
00010e 81a8      	LD   R26,Y
00010f dfe4      	RCALL __lcd_write_nibble_G100
                +
000110 ec88     +LDI R24 , LOW ( 200 )
000111 e090     +LDI R25 , HIGH ( 200 )
                +__DELAY_USW_LOOP :
000112 9701     +SBIW R24 , 1
000113 f7f1     +BRNE __DELAY_USW_LOOP
                 	__DELAY_USW 200
000114 c054      	RJMP _0x2020001
                 ; .FEND
                 _lcd_gotoxy:
                 ; .FSTART _lcd_gotoxy
000115 93aa      	ST   -Y,R26
000116 81e8      	LD   R30,Y
000117 e0f0      	LDI  R31,0
000118 5ae0      	SUBI R30,LOW(-__base_y_G100)
000119 4ffe      	SBCI R31,HIGH(-__base_y_G100)
00011a 81e0      	LD   R30,Z
00011b 81a9      	LDD  R26,Y+1
00011c 0fae      	ADD  R26,R30
00011d dfea      	RCALL __lcd_write_data
00011e 8079      	LDD  R7,Y+1
00011f 8068      	LDD  R6,Y+0
000120 9622      	ADIW R28,2
000121 9508      	RET
                 ; .FEND
                 _lcd_clear:
                 ; .FSTART _lcd_clear
000122 e0a2      	LDI  R26,LOW(2)
000123 d047      	RCALL SUBOPT_0x0
000124 e0ac      	LDI  R26,LOW(12)
000125 dfe2      	RCALL __lcd_write_data
000126 e0a1      	LDI  R26,LOW(1)
000127 d043      	RCALL SUBOPT_0x0
000128 e0e0      	LDI  R30,LOW(0)
000129 2e6e      	MOV  R6,R30
00012a 2e7e      	MOV  R7,R30
00012b 9508      	RET
                 ; .FEND
                 _lcd_putchar:
                 ; .FSTART _lcd_putchar
00012c 93aa      	ST   -Y,R26
00012d 81a8      	LD   R26,Y
00012e 30aa      	CPI  R26,LOW(0xA)
00012f f011      	BREQ _0x2000005
000130 1479      	CP   R7,R9
000131 f040      	BRLO _0x2000004
                 _0x2000005:
000132 e0e0      	LDI  R30,LOW(0)
000133 93ea      	ST   -Y,R30
000134 9463      	INC  R6
000135 2da6      	MOV  R26,R6
000136 dfde      	RCALL _lcd_gotoxy
000137 81a8      	LD   R26,Y
000138 30aa      	CPI  R26,LOW(0xA)
000139 f179      	BREQ _0x2020001
                 _0x2000004:
00013a 9473      	INC  R7
00013b 9aa8      	SBI  0x15,0
00013c 81a8      	LD   R26,Y
00013d dfca      	RCALL __lcd_write_data
00013e 98a8      	CBI  0x15,0
00013f c029      	RJMP _0x2020001
                 ; .FEND
                 _lcd_init:
                 ; .FSTART _lcd_init
000140 93aa      	ST   -Y,R26
000141 b3e4      	IN   R30,0x14
000142 6fe0      	ORI  R30,LOW(0xF0)
000143 bbe4      	OUT  0x14,R30
000144 9aa2      	SBI  0x14,2
000145 9aa0      	SBI  0x14,0
000146 9aa1      	SBI  0x14,1
000147 98aa      	CBI  0x15,2
000148 98a8      	CBI  0x15,0
000149 98a9      	CBI  0x15,1
00014a 8098      	LDD  R9,Y+0
00014b 81e8      	LD   R30,Y
00014c 58e0      	SUBI R30,-LOW(128)
                +
00014d 93e0 0162+STS __base_y_G100 + ( 2 ) , R30
                 	__PUTB1MN __base_y_G100,2
00014f 81e8      	LD   R30,Y
000150 54e0      	SUBI R30,-LOW(192)
                +
000151 93e0 0163+STS __base_y_G100 + ( 3 ) , R30
                 	__PUTB1MN __base_y_G100,3
000153 e1a4      	LDI  R26,LOW(20)
000154 e0b0      	LDI  R27,0
000155 940e 0177 	CALL _delay_ms
000157 d018      	RCALL SUBOPT_0x1
000158 d017      	RCALL SUBOPT_0x1
000159 d016      	RCALL SUBOPT_0x1
00015a e2a0      	LDI  R26,LOW(32)
00015b df98      	RCALL __lcd_write_nibble_G100
                +
00015c e980     +LDI R24 , LOW ( 400 )
00015d e091     +LDI R25 , HIGH ( 400 )
                +__DELAY_USW_LOOP :
00015e 9701     +SBIW R24 , 1
00015f f7f1     +BRNE __DELAY_USW_LOOP
                 	__DELAY_USW 400
000160 e2a8      	LDI  R26,LOW(40)
000161 dfa6      	RCALL __lcd_write_data
000162 e0a4      	LDI  R26,LOW(4)
000163 dfa4      	RCALL __lcd_write_data
000164 e8a5      	LDI  R26,LOW(133)
000165 dfa2      	RCALL __lcd_write_data
000166 e0a6      	LDI  R26,LOW(6)
000167 dfa0      	RCALL __lcd_write_data
000168 dfb9      	RCALL _lcd_clear
                 _0x2020001:
000169 9621      	ADIW R28,1
00016a 9508      	RET
                 ; .FEND
                 
                 	.DSEG
                 __base_y_G100:
000160           	.BYTE 0x4
                 
                 	.CSEG
                 ;OPTIMIZER ADDED SUBROUTINE, CALLED 2 TIMES, CODE SIZE REDUCTION:1 WORDS
                 SUBOPT_0x0:
00016b df9c      	RCALL __lcd_write_data
00016c e0a3      	LDI  R26,LOW(3)
00016d e0b0      	LDI  R27,0
00016e 940c 0177 	JMP  _delay_ms
                 
                 ;OPTIMIZER ADDED SUBROUTINE, CALLED 3 TIMES, CODE SIZE REDUCTION:7 WORDS
                 SUBOPT_0x1:
000170 e3a0      	LDI  R26,LOW(48)
000171 df82      	RCALL __lcd_write_nibble_G100
                +
000172 e980     +LDI R24 , LOW ( 400 )
000173 e091     +LDI R25 , HIGH ( 400 )
                +__DELAY_USW_LOOP :
000174 9701     +SBIW R24 , 1
000175 f7f1     +BRNE __DELAY_USW_LOOP
                 	__DELAY_USW 400
000176 9508      	RET
                 
                 
                 	.CSEG
                 _delay_ms:
000177 9610      	adiw r26,0
000178 f039      	breq __delay_ms1
                 __delay_ms0:
000179 95a8      	wdr
                +
00017a ea80     +LDI R24 , LOW ( 0xFA0 )
00017b e09f     +LDI R25 , HIGH ( 0xFA0 )
                +__DELAY_USW_LOOP :
00017c 9701     +SBIW R24 , 1
00017d f7f1     +BRNE __DELAY_USW_LOOP
                 	__DELAY_USW 0xFA0
00017e 9711      	sbiw r26,1
00017f f7c9      	brne __delay_ms0
                 __delay_ms1:
000180 9508      	ret
                 
                 ;END OF CODE MARKER
                 __END_OF_CODE:


RESOURCE USE INFORMATION
------------------------

Notice:
The register and instruction counts are symbol table hit counts,
and hence implicitly used resources are not counted, eg, the
'lpm' instruction without operands implicitly uses r0 and z,
none of which are counted.

x,y,z are separate entities in the symbol table and are
counted separately from r26..r31 here.

.dseg memory usage only counts static data declared with .byte

ATmega16 register use summary:
r0 :   6 r1 :   3 r2 :   0 r3 :   0 r4 :   1 r5 :   2 r6 :   4 r7 :   4 
r8 :   0 r9 :   2 r10:   0 r11:   0 r12:   0 r13:   0 r14:   0 r15:   2 
r16:   0 r17:   0 r18:   0 r19:   0 r20:   0 r21:   0 r22:   4 r23:   2 
r24:  23 r25:   8 r26:  67 r27:   6 r28:   3 r29:   1 r30: 100 r31:  23 
x  :   3 y  :  45 z  :   8 
Registers used: 21 out of 35 (60.0%)

ATmega16 instruction use summary:
.lds  :   0 .lds.l:   0 .sts  :   0 .sts.l:   0 adc   :   0 add   :   1 
adiw  :   3 and   :   0 andi  :   3 asr   :   0 bclr  :   0 bld   :   0 
brbc  :   0 brbs  :   0 brcc  :   0 brcs  :   0 break :   0 breq  :   4 
brge  :   0 brhc  :   0 brhs  :   0 brid  :   0 brie  :   0 brlo  :   1 
brlt  :   0 brmi  :   0 brne  :  27 brpl  :   0 brsh  :   0 brtc  :   0 
brts  :   0 brvc  :   0 brvs  :   0 bset  :   0 bst   :   0 call  :   1 
cbi   :   5 cbr   :   0 clc   :   0 clh   :   0 cli   :   1 cln   :   0 
clr   :   2 cls   :   0 clt   :   0 clv   :   0 clz   :   0 com   :   0 
cp    :   1 cpc   :  15 cpi   :  17 cpse  :   0 dec   :   4 des   :   0 
eor   :   0 fmul  :   0 fmuls :   0 fmulsu:   0 icall :   0 ijmp  :   0 
in    :   5 inc   :   2 jmp   :  23 ld    :  23 ldd   :   4 ldi   :  78 
lds   :   0 lpm   :   7 lsl   :   0 lsr   :   0 mov   :   7 movw  :   3 
mul   :   0 muls  :   0 mulsu :   0 neg   :   0 nop   :   0 or    :   1 
ori   :   2 out   :  17 pop   :   0 push  :   0 rcall :  21 ret   :   5 
reti  :   1 rjmp  :  21 rol   :   0 ror   :   0 sbc   :   0 sbci  :   1 
sbi   :   5 sbic  :   0 sbis  :   0 sbiw  :   9 sbr   :   0 sbrc  :   0 
sbrs  :   0 sec   :   0 seh   :   0 sei   :   1 sen   :   0 ser   :   0 
ses   :   0 set   :   0 sev   :   0 sez   :   0 sleep :   0 spm   :   0 
st    :  22 std   :   0 sts   :   2 sub   :   0 subi  :   3 swap  :   1 
tst   :   0 wdr   :   1 
Instructions used: 39 out of 116 (33.6%)

ATmega16 memory use summary [bytes]:
Segment   Begin    End      Code   Data   Used    Size   Use%
---------------------------------------------------------------
[.cseg] 0x000000 0x000302    752     18    770   16384   4.7%
[.dseg] 0x000060 0x000164      0      4      4    1024   0.4%
[.eseg] 0x000000 0x000000      0      0      0     512   0.0%

Assembly complete, 0 errors, 5 warnings
